<?xml version="1.0" encoding="UTF-8"?>
<!-- Generated by org.testng.reporters.JUnitXMLReporter -->
<testsuite ignored="0" hostname="Anandhakrishnan" failures="0" tests="4" name="Default test" time="40.941" errors="0" timestamp="2023-07-17T11:22:50 IST">
  <testcase classname="com.emc.pageexecution.LoginPageExecution" name="checkSignUpLink" time="1.534"/>
  <testcase classname="com.emc.pageexecution.LoginPageExecution" name="helloMsg" time="0.001"/>
  <testcase classname="com.emc.pageexecution.LoginPageExecution" name="helloMsg" time="0.001"/>
  <testcase classname="com.emc.pageexecution.LoginPageExecution" name="testLoginFunction" time="0.467"/>
</testsuite> <!-- Default test -->
