<?xml version="1.0" encoding="UTF-8"?>
<!-- Generated by org.testng.reporters.JUnitXMLReporter -->
<testsuite ignored="0" hostname="Anandhakrishnan" failures="0" tests="7" name="Test" time="61.527" errors="0" timestamp="2023-07-16T06:08:12 IST">
  <testcase classname="com.emc.pageexecution.PageExecution" name="lapsearch" time="6.838"/>
  <testcase classname="com.emc.pageexecution.PageExecution" name="esearch" time="4.885"/>
  <testcase classname="com.emc.pageexecution.PageExecution" name="swSearch" time="4.852"/>
  <testcase classname="com.emc.pageexecution.LoginPageExecution" name="checkSignUpLink" time="0.96"/>
  <testcase classname="com.emc.pageexecution.LoginPageExecution" name="helloMsg" time="0.001"/>
  <testcase classname="com.emc.pageexecution.LoginPageExecution" name="helloMsg" time="0.001"/>
  <testcase classname="com.emc.pageexecution.LoginPageExecution" name="testLoginFunction" time="0.325"/>
</testsuite> <!-- Test -->
