<?xml version="1.0" encoding="UTF-8"?>
<testng-results ignored="0" total="4" passed="4" failed="0" skipped="0">
  <reporter-output>
  </reporter-output>
  <suite started-at="2023-07-17T11:22:09 IST" name="Default suite" finished-at="2023-07-17T11:22:50 IST" duration-ms="40941">
    <groups>
    </groups>
    <test started-at="2023-07-17T11:22:09 IST" name="Default test" finished-at="2023-07-17T11:22:50 IST" duration-ms="40941">
      <class name="com.emc.pageexecution.LoginPageExecution">
        <test-method is-config="true" signature="beforeClass()[pri:0, instance:com.emc.pageexecution.LoginPageExecution@b9b00e0]" started-at="2023-07-17T11:22:09 IST" name="beforeClass" finished-at="2023-07-17T11:22:09 IST" duration-ms="14" status="PASS">
          <reporter-output>
          </reporter-output>
        </test-method> <!-- beforeClass -->
        <test-method is-config="true" signature="beforeMethod()[pri:0, instance:com.emc.pageexecution.LoginPageExecution@b9b00e0]" started-at="2023-07-17T11:22:09 IST" name="beforeMethod" finished-at="2023-07-17T11:22:18 IST" duration-ms="8977" status="PASS">
          <reporter-output>
          </reporter-output>
        </test-method> <!-- beforeMethod -->
        <test-method signature="checkSignUpLink()[pri:0, instance:com.emc.pageexecution.LoginPageExecution@b9b00e0]" started-at="2023-07-17T11:22:18 IST" name="checkSignUpLink" finished-at="2023-07-17T11:22:19 IST" duration-ms="1534" status="PASS">
          <reporter-output>
          </reporter-output>
        </test-method> <!-- checkSignUpLink -->
        <test-method is-config="true" signature="afterMethod()[pri:0, instance:com.emc.pageexecution.LoginPageExecution@b9b00e0]" started-at="2023-07-17T11:22:19 IST" name="afterMethod" finished-at="2023-07-17T11:22:25 IST" duration-ms="5227" status="PASS">
          <reporter-output>
          </reporter-output>
        </test-method> <!-- afterMethod -->
        <test-method is-config="true" signature="beforeMethod()[pri:0, instance:com.emc.pageexecution.LoginPageExecution@b9b00e0]" started-at="2023-07-17T11:22:25 IST" name="beforeMethod" finished-at="2023-07-17T11:22:28 IST" duration-ms="3112" status="PASS">
          <reporter-output>
          </reporter-output>
        </test-method> <!-- beforeMethod -->
        <test-method signature="helloMsg()[pri:0, instance:com.emc.pageexecution.LoginPageExecution@b9b00e0]" started-at="2023-07-17T11:22:28 IST" name="helloMsg" description="Check the Method" finished-at="2023-07-17T11:22:28 IST" duration-ms="1" status="PASS">
          <reporter-output>
          </reporter-output>
        </test-method> <!-- helloMsg -->
        <test-method is-config="true" signature="afterMethod()[pri:0, instance:com.emc.pageexecution.LoginPageExecution@b9b00e0]" started-at="2023-07-17T11:22:28 IST" name="afterMethod" finished-at="2023-07-17T11:22:33 IST" duration-ms="5174" status="PASS">
          <reporter-output>
          </reporter-output>
        </test-method> <!-- afterMethod -->
        <test-method is-config="true" signature="beforeMethod()[pri:0, instance:com.emc.pageexecution.LoginPageExecution@b9b00e0]" started-at="2023-07-17T11:22:33 IST" name="beforeMethod" finished-at="2023-07-17T11:22:36 IST" duration-ms="2945" status="PASS">
          <reporter-output>
          </reporter-output>
        </test-method> <!-- beforeMethod -->
        <test-method signature="helloMsg()[pri:0, instance:com.emc.pageexecution.LoginPageExecution@b9b00e0]" started-at="2023-07-17T11:22:36 IST" name="helloMsg" description="Check the Method" finished-at="2023-07-17T11:22:36 IST" duration-ms="1" status="PASS">
          <reporter-output>
          </reporter-output>
        </test-method> <!-- helloMsg -->
        <test-method is-config="true" signature="afterMethod()[pri:0, instance:com.emc.pageexecution.LoginPageExecution@b9b00e0]" started-at="2023-07-17T11:22:36 IST" name="afterMethod" finished-at="2023-07-17T11:22:41 IST" duration-ms="5203" status="PASS">
          <reporter-output>
          </reporter-output>
        </test-method> <!-- afterMethod -->
        <test-method is-config="true" signature="beforeMethod()[pri:0, instance:com.emc.pageexecution.LoginPageExecution@b9b00e0]" started-at="2023-07-17T11:22:41 IST" name="beforeMethod" finished-at="2023-07-17T11:22:44 IST" duration-ms="2967" status="PASS">
          <reporter-output>
          </reporter-output>
        </test-method> <!-- beforeMethod -->
        <test-method signature="testLoginFunction()[pri:0, instance:com.emc.pageexecution.LoginPageExecution@b9b00e0]" started-at="2023-07-17T11:22:44 IST" name="testLoginFunction" finished-at="2023-07-17T11:22:45 IST" depends-on-methods="com.emc.pageexecution.LoginPageExecution.checkSignUpLink" duration-ms="467" status="PASS">
          <reporter-output>
          </reporter-output>
        </test-method> <!-- testLoginFunction -->
        <test-method is-config="true" signature="afterMethod()[pri:0, instance:com.emc.pageexecution.LoginPageExecution@b9b00e0]" started-at="2023-07-17T11:22:45 IST" name="afterMethod" finished-at="2023-07-17T11:22:50 IST" duration-ms="5211" status="PASS">
          <reporter-output>
          </reporter-output>
        </test-method> <!-- afterMethod -->
        <test-method is-config="true" signature="afterClass()[pri:0, instance:com.emc.pageexecution.LoginPageExecution@b9b00e0]" started-at="2023-07-17T11:22:50 IST" name="afterClass" finished-at="2023-07-17T11:22:50 IST" duration-ms="2" status="PASS">
          <reporter-output>
          </reporter-output>
        </test-method> <!-- afterClass -->
      </class> <!-- com.emc.pageexecution.LoginPageExecution -->
    </test> <!-- Default test -->
  </suite> <!-- Default suite -->
</testng-results>
